# JRE version: OpenJDK Runtime Environment (8.0_265-b01) (build 1.8.0_265-b01)
# Java VM: OpenJDK 64-Bit Server VM (25.265-b01 mixed mode windows-amd64 compressed oops)
Heap:
 PSYoungGen      total 46592K, used 7934K [0x00000000d5c00000, 0x00000000d9000000, 0x0000000100000000)
  eden space 43008K, 15% used [0x00000000d5c00000,0x00000000d627d000,0x00000000d8600000)
  from space 3584K, 36% used [0x00000000d8c80000,0x00000000d8dc2930,0x00000000d9000000)
  to   space 5120K, 0% used [0x00000000d8600000,0x00000000d8600000,0x00000000d8b00000)
 ParOldGen       total 80896K, used 22324K [0x0000000081400000, 0x0000000086300000, 0x00000000d5c00000)
  object space 80896K, 27% used [0x0000000081400000,0x00000000829cd270,0x0000000086300000)
 Metaspace       used 10838K, capacity 10993K, committed 11264K, reserved 1058816K
  class space    used 1147K, capacity 1225K, committed 1280K, reserved 1048576K
GC Heap History (10 events):
Event: 1.802 GC heap before
{Heap before GC invocations=1 (full 0):
 PSYoungGen      total 38400K, used 33280K [0x00000000d5c00000, 0x00000000d8680000, 0x0000000100000000)
  eden space 33280K, 100% used [0x00000000d5c00000,0x00000000d7c80000,0x00000000d7c80000)
  from space 5120K, 0% used [0x00000000d8180000,0x00000000d8180000,0x00000000d8680000)
  to   space 5120K, 0% used [0x00000000d7c80000,0x00000000d7c80000,0x00000000d8180000)
 ParOldGen       total 87552K, used 0K [0x0000000081400000, 0x0000000086980000, 0x00000000d5c00000)
  object space 87552K, 0% used [0x0000000081400000,0x0000000081400000,0x0000000086980000)
 Metaspace       used 7401K, capacity 7680K, committed 7936K, reserved 1056768K
  class space    used 828K, capacity 902K, committed 1024K, reserved 1048576K
Event: 1.818 GC heap after
Heap after GC invocations=1 (full 0):
 PSYoungGen      total 38400K, used 5091K [0x00000000d5c00000, 0x00000000d8680000, 0x0000000100000000)
  eden space 33280K, 0% used [0x00000000d5c00000,0x00000000d5c00000,0x00000000d7c80000)
  from space 5120K, 99% used [0x00000000d7c80000,0x00000000d8178ce0,0x00000000d8180000)
  to   space 5120K, 0% used [0x00000000d8180000,0x00000000d8180000,0x00000000d8680000)
 ParOldGen       total 87552K, used 9988K [0x0000000081400000, 0x0000000086980000, 0x00000000d5c00000)
  object space 87552K, 11% used [0x0000000081400000,0x0000000081dc1288,0x0000000086980000)
 Metaspace       used 7401K, capacity 7680K, committed 7936K, reserved 1056768K
  class space    used 828K, capacity 902K, committed 1024K, reserved 1048576K
}
Event: 3.100 GC heap before
{Heap before GC invocations=2 (full 0):
 PSYoungGen      total 38400K, used 34815K [0x00000000d5c00000, 0x00000000d8680000, 0x0000000100000000)
  eden space 33280K, 89% used [0x00000000d5c00000,0x00000000d79072e8,0x00000000d7c80000)
  from space 5120K, 99% used [0x00000000d7c80000,0x00000000d8178ce0,0x00000000d8180000)
  to   space 5120K, 0% used [0x00000000d8180000,0x00000000d8180000,0x00000000d8680000)
 ParOldGen       total 87552K, used 9988K [0x0000000081400000, 0x0000000086980000, 0x00000000d5c00000)
  object space 87552K, 11% used [0x0000000081400000,0x0000000081dc1288,0x0000000086980000)
 Metaspace       used 9531K, capacity 9731K, committed 9856K, reserved 1058816K
  class space    used 989K, capacity 1062K, committed 1152K, reserved 1048576K
Event: 3.113 GC heap after
Heap after GC invocations=2 (full 0):
 PSYoungGen      total 38400K, used 5104K [0x00000000d5c00000, 0x00000000d8680000, 0x0000000100000000)
  eden space 33280K, 0% used [0x00000000d5c00000,0x00000000d5c00000,0x00000000d7c80000)
  from space 5120K, 99% used [0x00000000d8180000,0x00000000d867c010,0x00000000d8680000)
  to   space 5120K, 0% used [0x00000000d7c80000,0x00000000d7c80000,0x00000000d8180000)
 ParOldGen       total 87552K, used 20821K [0x0000000081400000, 0x0000000086980000, 0x00000000d5c00000)
  object space 87552K, 23% used [0x0000000081400000,0x0000000082855680,0x0000000086980000)
 Metaspace       used 9531K, capacity 9731K, committed 9856K, reserved 1058816K
  class space    used 989K, capacity 1062K, committed 1152K, reserved 1048576K
}
Event: 5.430 GC heap before
{Heap before GC invocations=3 (full 1):
 PSYoungGen      total 38400K, used 38384K [0x00000000d5c00000, 0x00000000d8680000, 0x0000000100000000)
  eden space 33280K, 100% used [0x00000000d5c00000,0x00000000d7c80000,0x00000000d7c80000)
  from space 5120K, 99% used [0x00000000d8180000,0x00000000d867c010,0x00000000d8680000)
  to   space 5120K, 0% used [0x00000000d7c80000,0x00000000d7c80000,0x00000000d8180000)
 ParOldGen       total 87552K, used 81151K [0x0000000081400000, 0x0000000086980000, 0x00000000d5c00000)
  object space 87552K, 92% used [0x0000000081400000,0x000000008633fc80,0x0000000086980000)
 Metaspace       used 10271K, capacity 10435K, committed 10624K, reserved 1058816K
  class space    used 1077K, capacity 1126K, committed 1152K, reserved 1048576K
Event: 5.502 GC heap after
Heap after GC invocations=3 (full 1):
 PSYoungGen      total 38400K, used 0K [0x00000000d5c00000, 0x00000000d8680000, 0x0000000100000000)
  eden space 33280K, 0% used [0x00000000d5c00000,0x00000000d5c00000,0x00000000d7c80000)
  from space 5120K, 0% used [0x00000000d8180000,0x00000000d8180000,0x00000000d8680000)
  to   space 5120K, 0% used [0x00000000d7c80000,0x00000000d7c80000,0x00000000d8180000)
 ParOldGen       total 80896K, used 16180K [0x0000000081400000, 0x0000000086300000, 0x00000000d5c00000)
  object space 80896K, 20% used [0x0000000081400000,0x00000000823cd260,0x0000000086300000)
 Metaspace       used 10271K, capacity 10435K, committed 10624K, reserved 1058816K
  class space    used 1077K, capacity 1126K, committed 1152K, reserved 1048576K
}
Event: 5.862 GC heap before
{Heap before GC invocations=4 (full 1):
 PSYoungGen      total 38400K, used 32345K [0x00000000d5c00000, 0x00000000d8680000, 0x0000000100000000)
  eden space 33280K, 97% used [0x00000000d5c00000,0x00000000d7b96550,0x00000000d7c80000)
  from space 5120K, 0% used [0x00000000d8180000,0x00000000d8180000,0x00000000d8680000)
  to   space 5120K, 0% used [0x00000000d7c80000,0x00000000d7c80000,0x00000000d8180000)
 ParOldGen       total 80896K, used 16180K [0x0000000081400000, 0x0000000086300000, 0x00000000d5c00000)
  object space 80896K, 20% used [0x0000000081400000,0x00000000823cd260,0x0000000086300000)
 Metaspace       used 10272K, capacity 10435K, committed 10624K, reserved 1058816K
  class space    used 1077K, capacity 1126K, committed 1152K, reserved 1048576K
Event: 5.864 GC heap after
Heap after GC invocations=4 (full 1):
 PSYoungGen      total 38400K, used 4804K [0x00000000d5c00000, 0x00000000d9180000, 0x0000000100000000)
  eden space 33280K, 0% used [0x00000000d5c00000,0x00000000d5c00000,0x00000000d7c80000)
  from space 5120K, 93% used [0x00000000d7c80000,0x00000000d8131250,0x00000000d8180000)
  to   space 5120K, 0% used [0x00000000d8c80000,0x00000000d8c80000,0x00000000d9180000)
 ParOldGen       total 80896K, used 16180K [0x0000000081400000, 0x0000000086300000, 0x00000000d5c00000)
  object space 80896K, 20% used [0x0000000081400000,0x00000000823cd260,0x0000000086300000)
 Metaspace       used 10272K, capacity 10435K, committed 10624K, reserved 1058816K
  class space    used 1077K, capacity 1126K, committed 1152K, reserved 1048576K
}
Event: 6.808 GC heap before
{Heap before GC invocations=5 (full 1):
 PSYoungGen      total 38400K, used 37396K [0x00000000d5c00000, 0x00000000d9180000, 0x0000000100000000)
  eden space 33280K, 97% used [0x00000000d5c00000,0x00000000d7bd40a0,0x00000000d7c80000)
  from space 5120K, 93% used [0x00000000d7c80000,0x00000000d8131250,0x00000000d8180000)
  to   space 5120K, 0% used [0x00000000d8c80000,0x00000000d8c80000,0x00000000d9180000)
 ParOldGen       total 80896K, used 16180K [0x0000000081400000, 0x0000000086300000, 0x00000000d5c00000)
  object space 80896K, 20% used [0x0000000081400000,0x00000000823cd260,0x0000000086300000)
 Metaspace       used 10618K, capacity 10819K, committed 11008K, reserved 1058816K
  class space    used 1120K, capacity 1190K, committed 1280K, reserved 1048576K
Event: 6.810 GC heap after
Heap after GC invocations=5 (full 1):
 PSYoungGen      total 46592K, used 1290K [0x00000000d5c00000, 0x00000000d9000000, 0x0000000100000000)
  eden space 43008K, 0% used [0x00000000d5c00000,0x00000000d5c00000,0x00000000d8600000)
  from space 3584K, 36% used [0x00000000d8c80000,0x00000000d8dc2930,0x00000000d9000000)
  to   space 5120K, 0% used [0x00000000d8600000,0x00000000d8600000,0x00000000d8b00000)
 ParOldGen       total 80896K, used 22324K [0x0000000081400000, 0x0000000086300000, 0x00000000d5c00000)
  object space 80896K, 27% used [0x0000000081400000,0x00000000829cd270,0x0000000086300000)
 Metaspace       used 10618K, capacity 10819K, committed 11008K, reserved 1058816K
  class space    used 1120K, capacity 1190K, committed 1280K, reserved 1048576K
}

