# JRE version: OpenJDK Runtime Environment (8.0_265-b01) (build 1.8.0_265-b01)
# Java VM: OpenJDK 64-Bit Server VM (25.265-b01 mixed mode windows-amd64 compressed oops)
Heap:
 PSYoungGen      total 43520K, used 14113K [0x00000000d5c00000, 0x00000000d9e00000, 0x0000000100000000)
  eden space 43008K, 31% used [0x00000000d5c00000,0x00000000d696d8a8,0x00000000d8600000)
  from space 512K, 70% used [0x00000000d9d80000,0x00000000d9ddad10,0x00000000d9e00000)
  to   space 5120K, 0% used [0x00000000d9400000,0x00000000d9400000,0x00000000d9900000)
 ParOldGen       total 79872K, used 16046K [0x0000000081400000, 0x0000000086200000, 0x00000000d5c00000)
  object space 79872K, 20% used [0x0000000081400000,0x00000000823abb70,0x0000000086200000)
 Metaspace       used 10856K, capacity 10993K, committed 11264K, reserved 1058816K
  class space    used 1147K, capacity 1225K, committed 1280K, reserved 1048576K
GC Heap History (10 events):
Event: 1.791 GC heap before
{Heap before GC invocations=1 (full 0):
 PSYoungGen      total 38400K, used 33280K [0x00000000d5c00000, 0x00000000d8680000, 0x0000000100000000)
  eden space 33280K, 100% used [0x00000000d5c00000,0x00000000d7c80000,0x00000000d7c80000)
  from space 5120K, 0% used [0x00000000d8180000,0x00000000d8180000,0x00000000d8680000)
  to   space 5120K, 0% used [0x00000000d7c80000,0x00000000d7c80000,0x00000000d8180000)
 ParOldGen       total 87552K, used 0K [0x0000000081400000, 0x0000000086980000, 0x00000000d5c00000)
  object space 87552K, 0% used [0x0000000081400000,0x0000000081400000,0x0000000086980000)
 Metaspace       used 7401K, capacity 7680K, committed 7936K, reserved 1056768K
  class space    used 828K, capacity 902K, committed 1024K, reserved 1048576K
Event: 1.810 GC heap after
Heap after GC invocations=1 (full 0):
 PSYoungGen      total 38400K, used 5107K [0x00000000d5c00000, 0x00000000da700000, 0x0000000100000000)
  eden space 33280K, 0% used [0x00000000d5c00000,0x00000000d5c00000,0x00000000d7c80000)
  from space 5120K, 99% used [0x00000000d7c80000,0x00000000d817ccf0,0x00000000d8180000)
  to   space 5120K, 0% used [0x00000000da200000,0x00000000da200000,0x00000000da700000)
 ParOldGen       total 87552K, used 10180K [0x0000000081400000, 0x0000000086980000, 0x00000000d5c00000)
  object space 87552K, 11% used [0x0000000081400000,0x0000000081df1288,0x0000000086980000)
 Metaspace       used 7401K, capacity 7680K, committed 7936K, reserved 1056768K
  class space    used 828K, capacity 902K, committed 1024K, reserved 1048576K
}
Event: 3.082 GC heap before
{Heap before GC invocations=2 (full 0):
 PSYoungGen      total 38400K, used 35104K [0x00000000d5c00000, 0x00000000da700000, 0x0000000100000000)
  eden space 33280K, 90% used [0x00000000d5c00000,0x00000000d794b5a0,0x00000000d7c80000)
  from space 5120K, 99% used [0x00000000d7c80000,0x00000000d817ccf0,0x00000000d8180000)
  to   space 5120K, 0% used [0x00000000da200000,0x00000000da200000,0x00000000da700000)
 ParOldGen       total 87552K, used 10180K [0x0000000081400000, 0x0000000086980000, 0x00000000d5c00000)
  object space 87552K, 11% used [0x0000000081400000,0x0000000081df1288,0x0000000086980000)
 Metaspace       used 9537K, capacity 9731K, committed 9856K, reserved 1058816K
  class space    used 989K, capacity 1062K, committed 1152K, reserved 1048576K
Event: 3.093 GC heap after
Heap after GC invocations=2 (full 0):
 PSYoungGen      total 38400K, used 5088K [0x00000000d5c00000, 0x00000000da700000, 0x0000000100000000)
  eden space 33280K, 0% used [0x00000000d5c00000,0x00000000d5c00000,0x00000000d7c80000)
  from space 5120K, 99% used [0x00000000da200000,0x00000000da6f8020,0x00000000da700000)
  to   space 5120K, 0% used [0x00000000d7c80000,0x00000000d7c80000,0x00000000d8180000)
 ParOldGen       total 87552K, used 20862K [0x0000000081400000, 0x0000000086980000, 0x00000000d5c00000)
  object space 87552K, 23% used [0x0000000081400000,0x000000008285fb60,0x0000000086980000)
 Metaspace       used 9537K, capacity 9731K, committed 9856K, reserved 1058816K
  class space    used 989K, capacity 1062K, committed 1152K, reserved 1048576K
}
Event: 6.138 GC heap before
{Heap before GC invocations=3 (full 1):
 PSYoungGen      total 38400K, used 38368K [0x00000000d5c00000, 0x00000000da700000, 0x0000000100000000)
  eden space 33280K, 100% used [0x00000000d5c00000,0x00000000d7c80000,0x00000000d7c80000)
  from space 5120K, 99% used [0x00000000da200000,0x00000000da6f8020,0x00000000da700000)
  to   space 5120K, 0% used [0x00000000d7c80000,0x00000000d7c80000,0x00000000d8180000)
 ParOldGen       total 87552K, used 81192K [0x0000000081400000, 0x0000000086980000, 0x00000000d5c00000)
  object space 87552K, 92% used [0x0000000081400000,0x000000008634a160,0x0000000086980000)
 Metaspace       used 10283K, capacity 10435K, committed 10624K, reserved 1058816K
  class space    used 1077K, capacity 1126K, committed 1152K, reserved 1048576K
Event: 6.222 GC heap after
Heap after GC invocations=3 (full 1):
 PSYoungGen      total 38400K, used 0K [0x00000000d5c00000, 0x00000000da700000, 0x0000000100000000)
  eden space 33280K, 0% used [0x00000000d5c00000,0x00000000d5c00000,0x00000000d7c80000)
  from space 5120K, 0% used [0x00000000da200000,0x00000000da200000,0x00000000da700000)
  to   space 5120K, 0% used [0x00000000d7c80000,0x00000000d7c80000,0x00000000d8180000)
 ParOldGen       total 79872K, used 16038K [0x0000000081400000, 0x0000000086200000, 0x00000000d5c00000)
  object space 79872K, 20% used [0x0000000081400000,0x00000000823a9b70,0x0000000086200000)
 Metaspace       used 10283K, capacity 10435K, committed 10624K, reserved 1058816K
  class space    used 1077K, capacity 1126K, committed 1152K, reserved 1048576K
}
Event: 6.615 GC heap before
{Heap before GC invocations=4 (full 1):
 PSYoungGen      total 38400K, used 31263K [0x00000000d5c00000, 0x00000000da700000, 0x0000000100000000)
  eden space 33280K, 93% used [0x00000000d5c00000,0x00000000d7a87f08,0x00000000d7c80000)
  from space 5120K, 0% used [0x00000000da200000,0x00000000da200000,0x00000000da700000)
  to   space 5120K, 0% used [0x00000000d7c80000,0x00000000d7c80000,0x00000000d8180000)
 ParOldGen       total 79872K, used 16038K [0x0000000081400000, 0x0000000086200000, 0x00000000d5c00000)
  object space 79872K, 20% used [0x0000000081400000,0x00000000823a9b70,0x0000000086200000)
 Metaspace       used 10289K, capacity 10435K, committed 10624K, reserved 1058816K
  class space    used 1077K, capacity 1126K, committed 1152K, reserved 1048576K
Event: 6.616 GC heap after
Heap after GC invocations=4 (full 1):
 PSYoungGen      total 38400K, used 1541K [0x00000000d5c00000, 0x00000000da280000, 0x0000000100000000)
  eden space 33280K, 0% used [0x00000000d5c00000,0x00000000d5c00000,0x00000000d7c80000)
  from space 5120K, 30% used [0x00000000d7c80000,0x00000000d7e01640,0x00000000d8180000)
  to   space 5120K, 0% used [0x00000000d9d80000,0x00000000d9d80000,0x00000000da280000)
 ParOldGen       total 79872K, used 16038K [0x0000000081400000, 0x0000000086200000, 0x00000000d5c00000)
  object space 79872K, 20% used [0x0000000081400000,0x00000000823a9b70,0x0000000086200000)
 Metaspace       used 10289K, capacity 10435K, committed 10624K, reserved 1058816K
  class space    used 1077K, capacity 1126K, committed 1152K, reserved 1048576K
}
Event: 7.598 GC heap before
{Heap before GC invocations=5 (full 1):
 PSYoungGen      total 38400K, used 33156K [0x00000000d5c00000, 0x00000000da280000, 0x0000000100000000)
  eden space 33280K, 94% used [0x00000000d5c00000,0x00000000d7adfbb8,0x00000000d7c80000)
  from space 5120K, 30% used [0x00000000d7c80000,0x00000000d7e01640,0x00000000d8180000)
  to   space 5120K, 0% used [0x00000000d9d80000,0x00000000d9d80000,0x00000000da280000)
 ParOldGen       total 79872K, used 16038K [0x0000000081400000, 0x0000000086200000, 0x00000000d5c00000)
  object space 79872K, 20% used [0x0000000081400000,0x00000000823a9b70,0x0000000086200000)
 Metaspace       used 10632K, capacity 10819K, committed 11008K, reserved 1058816K
  class space    used 1120K, capacity 1190K, committed 1280K, reserved 1048576K
Event: 7.600 GC heap after
Heap after GC invocations=5 (full 1):
 PSYoungGen      total 43520K, used 363K [0x00000000d5c00000, 0x00000000d9e00000, 0x0000000100000000)
  eden space 43008K, 0% used [0x00000000d5c00000,0x00000000d5c00000,0x00000000d8600000)
  from space 512K, 70% used [0x00000000d9d80000,0x00000000d9ddad10,0x00000000d9e00000)
  to   space 5120K, 0% used [0x00000000d9400000,0x00000000d9400000,0x00000000d9900000)
 ParOldGen       total 79872K, used 16046K [0x0000000081400000, 0x0000000086200000, 0x00000000d5c00000)
  object space 79872K, 20% used [0x0000000081400000,0x00000000823abb70,0x0000000086200000)
 Metaspace       used 10632K, capacity 10819K, committed 11008K, reserved 1058816K
  class space    used 1120K, capacity 1190K, committed 1280K, reserved 1048576K
}

