# JRE version: OpenJDK Runtime Environment (8.0_265-b01) (build 1.8.0_265-b01)
# Java VM: OpenJDK 64-Bit Server VM (25.265-b01 mixed mode windows-amd64 compressed oops)
Heap:
 PSYoungGen      total 43008K, used 14050K [0x00000000d5c00000, 0x00000000d9e00000, 0x0000000100000000)
  eden space 42496K, 32% used [0x00000000d5c00000,0x00000000d6960838,0x00000000d8580000)
  from space 512K, 68% used [0x00000000d9d80000,0x00000000d9dd8000,0x00000000d9e00000)
  to   space 5120K, 0% used [0x00000000d9400000,0x00000000d9400000,0x00000000d9900000)
 ParOldGen       total 79872K, used 15808K [0x0000000081400000, 0x0000000086200000, 0x00000000d5c00000)
  object space 79872K, 19% used [0x0000000081400000,0x00000000823703a8,0x0000000086200000)
 Metaspace       used 10877K, capacity 11057K, committed 11264K, reserved 1058816K
  class space    used 1148K, capacity 1225K, committed 1280K, reserved 1048576K
GC Heap History (10 events):
Event: 1.808 GC heap before
{Heap before GC invocations=1 (full 0):
 PSYoungGen      total 38400K, used 33280K [0x00000000d5c00000, 0x00000000d8680000, 0x0000000100000000)
  eden space 33280K, 100% used [0x00000000d5c00000,0x00000000d7c80000,0x00000000d7c80000)
  from space 5120K, 0% used [0x00000000d8180000,0x00000000d8180000,0x00000000d8680000)
  to   space 5120K, 0% used [0x00000000d7c80000,0x00000000d7c80000,0x00000000d8180000)
 ParOldGen       total 87552K, used 0K [0x0000000081400000, 0x0000000086980000, 0x00000000d5c00000)
  object space 87552K, 0% used [0x0000000081400000,0x0000000081400000,0x0000000086980000)
 Metaspace       used 7403K, capacity 7680K, committed 7936K, reserved 1056768K
  class space    used 828K, capacity 902K, committed 1024K, reserved 1048576K
Event: 1.828 GC heap after
Heap after GC invocations=1 (full 0):
 PSYoungGen      total 38400K, used 5107K [0x00000000d5c00000, 0x00000000da700000, 0x0000000100000000)
  eden space 33280K, 0% used [0x00000000d5c00000,0x00000000d5c00000,0x00000000d7c80000)
  from space 5120K, 99% used [0x00000000d7c80000,0x00000000d817ccf0,0x00000000d8180000)
  to   space 5120K, 0% used [0x00000000da200000,0x00000000da200000,0x00000000da700000)
 ParOldGen       total 87552K, used 10111K [0x0000000081400000, 0x0000000086980000, 0x00000000d5c00000)
  object space 87552K, 11% used [0x0000000081400000,0x0000000081ddfda0,0x0000000086980000)
 Metaspace       used 7403K, capacity 7680K, committed 7936K, reserved 1056768K
  class space    used 828K, capacity 902K, committed 1024K, reserved 1048576K
}
Event: 3.131 GC heap before
{Heap before GC invocations=2 (full 0):
 PSYoungGen      total 38400K, used 34879K [0x00000000d5c00000, 0x00000000da700000, 0x0000000100000000)
  eden space 33280K, 89% used [0x00000000d5c00000,0x00000000d79130c8,0x00000000d7c80000)
  from space 5120K, 99% used [0x00000000d7c80000,0x00000000d817ccf0,0x00000000d8180000)
  to   space 5120K, 0% used [0x00000000da200000,0x00000000da200000,0x00000000da700000)
 ParOldGen       total 87552K, used 10111K [0x0000000081400000, 0x0000000086980000, 0x00000000d5c00000)
  object space 87552K, 11% used [0x0000000081400000,0x0000000081ddfda0,0x0000000086980000)
 Metaspace       used 9530K, capacity 9731K, committed 9856K, reserved 1058816K
  class space    used 989K, capacity 1062K, committed 1152K, reserved 1048576K
Event: 3.142 GC heap after
Heap after GC invocations=2 (full 0):
 PSYoungGen      total 38400K, used 5088K [0x00000000d5c00000, 0x00000000da700000, 0x0000000100000000)
  eden space 33280K, 0% used [0x00000000d5c00000,0x00000000d5c00000,0x00000000d7c80000)
  from space 5120K, 99% used [0x00000000da200000,0x00000000da6f8020,0x00000000da700000)
  to   space 5120K, 0% used [0x00000000d7c80000,0x00000000d7c80000,0x00000000d8180000)
 ParOldGen       total 87552K, used 20833K [0x0000000081400000, 0x0000000086980000, 0x00000000d5c00000)
  object space 87552K, 23% used [0x0000000081400000,0x0000000082858460,0x0000000086980000)
 Metaspace       used 9530K, capacity 9731K, committed 9856K, reserved 1058816K
  class space    used 989K, capacity 1062K, committed 1152K, reserved 1048576K
}
Event: 5.983 GC heap before
{Heap before GC invocations=3 (full 1):
 PSYoungGen      total 38400K, used 38368K [0x00000000d5c00000, 0x00000000da700000, 0x0000000100000000)
  eden space 33280K, 100% used [0x00000000d5c00000,0x00000000d7c80000,0x00000000d7c80000)
  from space 5120K, 99% used [0x00000000da200000,0x00000000da6f8020,0x00000000da700000)
  to   space 5120K, 0% used [0x00000000d7c80000,0x00000000d7c80000,0x00000000d8180000)
 ParOldGen       total 87552K, used 81162K [0x0000000081400000, 0x0000000086980000, 0x00000000d5c00000)
  object space 87552K, 92% used [0x0000000081400000,0x0000000086342a60,0x0000000086980000)
 Metaspace       used 10239K, capacity 10371K, committed 10624K, reserved 1058816K
  class space    used 1072K, capacity 1126K, committed 1152K, reserved 1048576K
Event: 6.065 GC heap after
Heap after GC invocations=3 (full 1):
 PSYoungGen      total 38400K, used 0K [0x00000000d5c00000, 0x00000000da700000, 0x0000000100000000)
  eden space 33280K, 0% used [0x00000000d5c00000,0x00000000d5c00000,0x00000000d7c80000)
  from space 5120K, 0% used [0x00000000da200000,0x00000000da200000,0x00000000da700000)
  to   space 5120K, 0% used [0x00000000d7c80000,0x00000000d7c80000,0x00000000d8180000)
 ParOldGen       total 79872K, used 15808K [0x0000000081400000, 0x0000000086200000, 0x00000000d5c00000)
  object space 79872K, 19% used [0x0000000081400000,0x00000000823703a8,0x0000000086200000)
 Metaspace       used 10239K, capacity 10371K, committed 10624K, reserved 1058816K
  class space    used 1072K, capacity 1126K, committed 1152K, reserved 1048576K
}
Event: 6.665 GC heap before
{Heap before GC invocations=4 (full 1):
 PSYoungGen      total 38400K, used 32829K [0x00000000d5c00000, 0x00000000da700000, 0x0000000100000000)
  eden space 33280K, 98% used [0x00000000d5c00000,0x00000000d7c0f5a0,0x00000000d7c80000)
  from space 5120K, 0% used [0x00000000da200000,0x00000000da200000,0x00000000da700000)
  to   space 5120K, 0% used [0x00000000d7c80000,0x00000000d7c80000,0x00000000d8180000)
 ParOldGen       total 79872K, used 15808K [0x0000000081400000, 0x0000000086200000, 0x00000000d5c00000)
  object space 79872K, 19% used [0x0000000081400000,0x00000000823703a8,0x0000000086200000)
 Metaspace       used 10305K, capacity 10435K, committed 10624K, reserved 1058816K
  class space    used 1077K, capacity 1126K, committed 1152K, reserved 1048576K
Event: 6.666 GC heap after
Heap after GC invocations=4 (full 1):
 PSYoungGen      total 38400K, used 714K [0x00000000d5c00000, 0x00000000da280000, 0x0000000100000000)
  eden space 33280K, 0% used [0x00000000d5c00000,0x00000000d5c00000,0x00000000d7c80000)
  from space 5120K, 13% used [0x00000000d7c80000,0x00000000d7d32940,0x00000000d8180000)
  to   space 5120K, 0% used [0x00000000d9d80000,0x00000000d9d80000,0x00000000da280000)
 ParOldGen       total 79872K, used 15808K [0x0000000081400000, 0x0000000086200000, 0x00000000d5c00000)
  object space 79872K, 19% used [0x0000000081400000,0x00000000823703a8,0x0000000086200000)
 Metaspace       used 10305K, capacity 10435K, committed 10624K, reserved 1058816K
  class space    used 1077K, capacity 1126K, committed 1152K, reserved 1048576K
}
Event: 7.737 GC heap before
{Heap before GC invocations=5 (full 1):
 PSYoungGen      total 38400K, used 33994K [0x00000000d5c00000, 0x00000000da280000, 0x0000000100000000)
  eden space 33280K, 100% used [0x00000000d5c00000,0x00000000d7c80000,0x00000000d7c80000)
  from space 5120K, 13% used [0x00000000d7c80000,0x00000000d7d32940,0x00000000d8180000)
  to   space 5120K, 0% used [0x00000000d9d80000,0x00000000d9d80000,0x00000000da280000)
 ParOldGen       total 79872K, used 15808K [0x0000000081400000, 0x0000000086200000, 0x00000000d5c00000)
  object space 79872K, 19% used [0x0000000081400000,0x00000000823703a8,0x0000000086200000)
 Metaspace       used 10656K, capacity 10819K, committed 11008K, reserved 1058816K
  class space    used 1121K, capacity 1190K, committed 1280K, reserved 1048576K
Event: 7.738 GC heap after
Heap after GC invocations=5 (full 1):
 PSYoungGen      total 43008K, used 352K [0x00000000d5c00000, 0x00000000d9e00000, 0x0000000100000000)
  eden space 42496K, 0% used [0x00000000d5c00000,0x00000000d5c00000,0x00000000d8580000)
  from space 512K, 68% used [0x00000000d9d80000,0x00000000d9dd8000,0x00000000d9e00000)
  to   space 5120K, 0% used [0x00000000d9400000,0x00000000d9400000,0x00000000d9900000)
 ParOldGen       total 79872K, used 15808K [0x0000000081400000, 0x0000000086200000, 0x00000000d5c00000)
  object space 79872K, 19% used [0x0000000081400000,0x00000000823703a8,0x0000000086200000)
 Metaspace       used 10656K, capacity 10819K, committed 11008K, reserved 1058816K
  class space    used 1121K, capacity 1190K, committed 1280K, reserved 1048576K
}

