# JRE version: OpenJDK Runtime Environment (8.0_265-b01) (build 1.8.0_265-b01)
# Java VM: OpenJDK 64-Bit Server VM (25.265-b01 mixed mode windows-amd64 compressed oops)
Heap:
 PSYoungGen      total 96256K, used 55675K [0x00000000d5c00000, 0x00000000de380000, 0x0000000100000000)
  eden space 95744K, 57% used [0x00000000d5c00000,0x00000000d9206e58,0x00000000db980000)
  from space 512K, 68% used [0x00000000de300000,0x00000000de358000,0x00000000de380000)
  to   space 5120K, 0% used [0x00000000dd980000,0x00000000dd980000,0x00000000dde80000)
 ParOldGen       total 165376K, used 57452K [0x0000000081400000, 0x000000008b580000, 0x00000000d5c00000)
  object space 165376K, 34% used [0x0000000081400000,0x0000000084c1b008,0x000000008b580000)
 Metaspace       used 10848K, capacity 11009K, committed 11264K, reserved 1058816K
  class space    used 1148K, capacity 1225K, committed 1280K, reserved 1048576K
GC Heap History (10 events):
Event: 1.805 GC heap before
{Heap before GC invocations=1 (full 0):
 PSYoungGen      total 38400K, used 33280K [0x00000000d5c00000, 0x00000000d8680000, 0x0000000100000000)
  eden space 33280K, 100% used [0x00000000d5c00000,0x00000000d7c80000,0x00000000d7c80000)
  from space 5120K, 0% used [0x00000000d8180000,0x00000000d8180000,0x00000000d8680000)
  to   space 5120K, 0% used [0x00000000d7c80000,0x00000000d7c80000,0x00000000d8180000)
 ParOldGen       total 87552K, used 0K [0x0000000081400000, 0x0000000086980000, 0x00000000d5c00000)
  object space 87552K, 0% used [0x0000000081400000,0x0000000081400000,0x0000000086980000)
 Metaspace       used 7411K, capacity 7632K, committed 7936K, reserved 1056768K
  class space    used 828K, capacity 902K, committed 1024K, reserved 1048576K
Event: 1.824 GC heap after
Heap after GC invocations=1 (full 0):
 PSYoungGen      total 38400K, used 5107K [0x00000000d5c00000, 0x00000000da700000, 0x0000000100000000)
  eden space 33280K, 0% used [0x00000000d5c00000,0x00000000d5c00000,0x00000000d7c80000)
  from space 5120K, 99% used [0x00000000d7c80000,0x00000000d817ccf0,0x00000000d8180000)
  to   space 5120K, 0% used [0x00000000da200000,0x00000000da200000,0x00000000da700000)
 ParOldGen       total 87552K, used 9803K [0x0000000081400000, 0x0000000086980000, 0x00000000d5c00000)
  object space 87552K, 11% used [0x0000000081400000,0x0000000081d92d70,0x0000000086980000)
 Metaspace       used 7411K, capacity 7632K, committed 7936K, reserved 1056768K
  class space    used 828K, capacity 902K, committed 1024K, reserved 1048576K
}
Event: 3.113 GC heap before
{Heap before GC invocations=2 (full 0):
 PSYoungGen      total 38400K, used 34155K [0x00000000d5c00000, 0x00000000da700000, 0x0000000100000000)
  eden space 33280K, 87% used [0x00000000d5c00000,0x00000000d785e188,0x00000000d7c80000)
  from space 5120K, 99% used [0x00000000d7c80000,0x00000000d817ccf0,0x00000000d8180000)
  to   space 5120K, 0% used [0x00000000da200000,0x00000000da200000,0x00000000da700000)
 ParOldGen       total 87552K, used 9803K [0x0000000081400000, 0x0000000086980000, 0x00000000d5c00000)
  object space 87552K, 11% used [0x0000000081400000,0x0000000081d92d70,0x0000000086980000)
 Metaspace       used 9546K, capacity 9747K, committed 9856K, reserved 1058816K
  class space    used 989K, capacity 1062K, committed 1152K, reserved 1048576K
Event: 3.126 GC heap after
Heap after GC invocations=2 (full 0):
 PSYoungGen      total 71680K, used 5088K [0x00000000d5c00000, 0x00000000da700000, 0x0000000100000000)
  eden space 66560K, 0% used [0x00000000d5c00000,0x00000000d5c00000,0x00000000d9d00000)
  from space 5120K, 99% used [0x00000000da200000,0x00000000da6f8030,0x00000000da700000)
  to   space 5120K, 0% used [0x00000000d9d00000,0x00000000d9d00000,0x00000000da200000)
 ParOldGen       total 87552K, used 20792K [0x0000000081400000, 0x0000000086980000, 0x00000000d5c00000)
  object space 87552K, 23% used [0x0000000081400000,0x000000008284e148,0x0000000086980000)
 Metaspace       used 9546K, capacity 9747K, committed 9856K, reserved 1058816K
  class space    used 989K, capacity 1062K, committed 1152K, reserved 1048576K
}
Event: 4.016 GC heap before
{Heap before GC invocations=3 (full 0):
 PSYoungGen      total 71680K, used 55563K [0x00000000d5c00000, 0x00000000da700000, 0x0000000100000000)
  eden space 66560K, 75% used [0x00000000d5c00000,0x00000000d8d4ac08,0x00000000d9d00000)
  from space 5120K, 99% used [0x00000000da200000,0x00000000da6f8030,0x00000000da700000)
  to   space 5120K, 0% used [0x00000000d9d00000,0x00000000d9d00000,0x00000000da200000)
 ParOldGen       total 87552K, used 20792K [0x0000000081400000, 0x0000000086980000, 0x00000000d5c00000)
  object space 87552K, 23% used [0x0000000081400000,0x000000008284e148,0x0000000086980000)
 Metaspace       used 9547K, capacity 9747K, committed 9856K, reserved 1058816K
  class space    used 989K, capacity 1062K, committed 1152K, reserved 1048576K
Event: 4.044 GC heap after
Heap after GC invocations=3 (full 0):
 PSYoungGen      total 71680K, used 5056K [0x00000000d5c00000, 0x00000000de800000, 0x0000000100000000)
  eden space 66560K, 0% used [0x00000000d5c00000,0x00000000d5c00000,0x00000000d9d00000)
  from space 5120K, 98% used [0x00000000d9d00000,0x00000000da1f0030,0x00000000da200000)
  to   space 5120K, 0% used [0x00000000de300000,0x00000000de300000,0x00000000de800000)
 ParOldGen       total 87552K, used 86328K [0x0000000081400000, 0x0000000086980000, 0x00000000d5c00000)
  object space 87552K, 98% used [0x0000000081400000,0x000000008684e168,0x0000000086980000)
 Metaspace       used 9547K, capacity 9747K, committed 9856K, reserved 1058816K
  class space    used 989K, capacity 1062K, committed 1152K, reserved 1048576K
}
Event: 4.044 GC heap before
{Heap before GC invocations=4 (full 1):
 PSYoungGen      total 71680K, used 5056K [0x00000000d5c00000, 0x00000000de800000, 0x0000000100000000)
  eden space 66560K, 0% used [0x00000000d5c00000,0x00000000d5c00000,0x00000000d9d00000)
  from space 5120K, 98% used [0x00000000d9d00000,0x00000000da1f0030,0x00000000da200000)
  to   space 5120K, 0% used [0x00000000de300000,0x00000000de300000,0x00000000de800000)
 ParOldGen       total 87552K, used 86328K [0x0000000081400000, 0x0000000086980000, 0x00000000d5c00000)
  object space 87552K, 98% used [0x0000000081400000,0x000000008684e168,0x0000000086980000)
 Metaspace       used 9547K, capacity 9747K, committed 9856K, reserved 1058816K
  class space    used 989K, capacity 1062K, committed 1152K, reserved 1048576K
Event: 4.114 GC heap after
Heap after GC invocations=4 (full 1):
 PSYoungGen      total 71680K, used 0K [0x00000000d5c00000, 0x00000000de800000, 0x0000000100000000)
  eden space 66560K, 0% used [0x00000000d5c00000,0x00000000d5c00000,0x00000000d9d00000)
  from space 5120K, 0% used [0x00000000d9d00000,0x00000000d9d00000,0x00000000da200000)
  to   space 5120K, 0% used [0x00000000de300000,0x00000000de300000,0x00000000de800000)
 ParOldGen       total 165376K, used 49251K [0x0000000081400000, 0x000000008b580000, 0x00000000d5c00000)
  object space 165376K, 29% used [0x0000000081400000,0x0000000084418ff8,0x000000008b580000)
 Metaspace       used 9547K, capacity 9747K, committed 9856K, reserved 1058816K
  class space    used 989K, capacity 1062K, committed 1152K, reserved 1048576K
}
Event: 5.869 GC heap before
{Heap before GC invocations=5 (full 1):
 PSYoungGen      total 71680K, used 65169K [0x00000000d5c00000, 0x00000000de800000, 0x0000000100000000)
  eden space 66560K, 97% used [0x00000000d5c00000,0x00000000d9ba4578,0x00000000d9d00000)
  from space 5120K, 0% used [0x00000000d9d00000,0x00000000d9d00000,0x00000000da200000)
  to   space 5120K, 0% used [0x00000000de300000,0x00000000de300000,0x00000000de800000)
 ParOldGen       total 165376K, used 49251K [0x0000000081400000, 0x000000008b580000, 0x00000000d5c00000)
  object space 165376K, 29% used [0x0000000081400000,0x0000000084418ff8,0x000000008b580000)
 Metaspace       used 10279K, capacity 10451K, committed 10624K, reserved 1058816K
  class space    used 1077K, capacity 1126K, committed 1152K, reserved 1048576K
Event: 5.871 GC heap after
Heap after GC invocations=5 (full 1):
 PSYoungGen      total 96256K, used 352K [0x00000000d5c00000, 0x00000000de380000, 0x0000000100000000)
  eden space 95744K, 0% used [0x00000000d5c00000,0x00000000d5c00000,0x00000000db980000)
  from space 512K, 68% used [0x00000000de300000,0x00000000de358000,0x00000000de380000)
  to   space 5120K, 0% used [0x00000000dd980000,0x00000000dd980000,0x00000000dde80000)
 ParOldGen       total 165376K, used 57452K [0x0000000081400000, 0x000000008b580000, 0x00000000d5c00000)
  object space 165376K, 34% used [0x0000000081400000,0x0000000084c1b008,0x000000008b580000)
 Metaspace       used 10279K, capacity 10451K, committed 10624K, reserved 1058816K
  class space    used 1077K, capacity 1126K, committed 1152K, reserved 1048576K
}

